# JRE version: OpenJDK Runtime Environment (17.0.7) (build 17.0.7+0-b2043.56-10550314)
# Java VM: OpenJDK 64-Bit Server VM (17.0.7+0-b2043.56-10550314, mixed mode, tiered, compressed oops, compressed class ptrs, g1 gc, windows-amd64)
GC Precious Log:
 CPUs: 4 total, 4 available
 Memory: 3522M
 Large Page Support: Disabled
 NUMA Support: Disabled
 Compressed Oops: Enabled (32-bit)
 Heap Region Size: 1M
 Heap Min Capacity: 8M
 Heap Initial Capacity: 56M
 Heap Max Capacity: 2G
 Pre-touch: Disabled
 Parallel Workers: 4
 Concurrent Workers: 1
 Concurrent Refinement Workers: 4
 Periodic GC: Disabled
Heap:
 garbage-first heap   total 81920K, used 49344K [0x0000000080000000, 0x0000000100000000)
  region size 1024K, 2 young (2048K), 1 survivors (1024K)
 Metaspace       used 33408K, committed 33792K, reserved 1114112K
  class space    used 4617K, committed 4800K, reserved 1048576K
GC Heap History (20 events):
Event: 11.277 GC heap before
{Heap before GC invocations=2 (full 0):
 garbage-first heap   total 57344K, used 28054K [0x0000000080000000, 0x0000000100000000)
  region size 1024K, 20 young (20480K), 3 survivors (3072K)
 Metaspace       used 11182K, committed 11392K, reserved 1114112K
  class space    used 1165K, committed 1280K, reserved 1048576K
}
Event: 11.282 GC heap after
{Heap after GC invocations=3 (full 0):
 garbage-first heap   total 57344K, used 11091K [0x0000000080000000, 0x0000000100000000)
  region size 1024K, 1 young (1024K), 1 survivors (1024K)
 Metaspace       used 11182K, committed 11392K, reserved 1114112K
  class space    used 1165K, committed 1280K, reserved 1048576K
}
Event: 18.377 GC heap before
{Heap before GC invocations=3 (full 0):
 garbage-first heap   total 57344K, used 37715K [0x0000000080000000, 0x0000000100000000)
  region size 1024K, 27 young (27648K), 1 survivors (1024K)
 Metaspace       used 17148K, committed 17344K, reserved 1114112K
  class space    used 1966K, committed 2048K, reserved 1048576K
}
Event: 18.387 GC heap after
{Heap after GC invocations=4 (full 0):
 garbage-first heap   total 57344K, used 17256K [0x0000000080000000, 0x0000000100000000)
  region size 1024K, 4 young (4096K), 4 survivors (4096K)
 Metaspace       used 17148K, committed 17344K, reserved 1114112K
  class space    used 1966K, committed 2048K, reserved 1048576K
}
Event: 20.759 GC heap before
{Heap before GC invocations=4 (full 0):
 garbage-first heap   total 57344K, used 30568K [0x0000000080000000, 0x0000000100000000)
  region size 1024K, 19 young (19456K), 4 survivors (4096K)
 Metaspace       used 21279K, committed 21504K, reserved 1114112K
  class space    used 2563K, committed 2688K, reserved 1048576K
}
Event: 20.768 GC heap after
{Heap after GC invocations=5 (full 0):
 garbage-first heap   total 57344K, used 18649K [0x0000000080000000, 0x0000000100000000)
  region size 1024K, 2 young (2048K), 2 survivors (2048K)
 Metaspace       used 21279K, committed 21504K, reserved 1114112K
  class space    used 2563K, committed 2688K, reserved 1048576K
}
Event: 22.386 GC heap before
{Heap before GC invocations=6 (full 0):
 garbage-first heap   total 57344K, used 38105K [0x0000000080000000, 0x0000000100000000)
  region size 1024K, 21 young (21504K), 2 survivors (2048K)
 Metaspace       used 24686K, committed 24960K, reserved 1114112K
  class space    used 3144K, committed 3264K, reserved 1048576K
}
Event: 22.390 GC heap after
{Heap after GC invocations=7 (full 0):
 garbage-first heap   total 57344K, used 19761K [0x0000000080000000, 0x0000000100000000)
  region size 1024K, 3 young (3072K), 3 survivors (3072K)
 Metaspace       used 24686K, committed 24960K, reserved 1114112K
  class space    used 3144K, committed 3264K, reserved 1048576K
}
Event: 23.803 GC heap before
{Heap before GC invocations=7 (full 0):
 garbage-first heap   total 57344K, used 40241K [0x0000000080000000, 0x0000000100000000)
  region size 1024K, 23 young (23552K), 3 survivors (3072K)
 Metaspace       used 27605K, committed 27904K, reserved 1114112K
  class space    used 3654K, committed 3776K, reserved 1048576K
}
Event: 23.809 GC heap after
{Heap after GC invocations=8 (full 0):
 garbage-first heap   total 57344K, used 21276K [0x0000000080000000, 0x0000000100000000)
  region size 1024K, 3 young (3072K), 3 survivors (3072K)
 Metaspace       used 27605K, committed 27904K, reserved 1114112K
  class space    used 3654K, committed 3776K, reserved 1048576K
}
Event: 157.648 GC heap before
{Heap before GC invocations=8 (full 0):
 garbage-first heap   total 57344K, used 38684K [0x0000000080000000, 0x0000000100000000)
  region size 1024K, 16 young (16384K), 3 survivors (3072K)
 Metaspace       used 29420K, committed 29824K, reserved 1114112K
  class space    used 3967K, committed 4160K, reserved 1048576K
}
Event: 157.719 GC heap after
{Heap after GC invocations=9 (full 0):
 garbage-first heap   total 57344K, used 28095K [0x0000000080000000, 0x0000000100000000)
  region size 1024K, 2 young (2048K), 2 survivors (2048K)
 Metaspace       used 29420K, committed 29824K, reserved 1114112K
  class space    used 3967K, committed 4160K, reserved 1048576K
}
Event: 160.330 GC heap before
{Heap before GC invocations=10 (full 0):
 garbage-first heap   total 57344K, used 32191K [0x0000000080000000, 0x0000000100000000)
  region size 1024K, 5 young (5120K), 2 survivors (2048K)
 Metaspace       used 29603K, committed 29952K, reserved 1114112K
  class space    used 4002K, committed 4160K, reserved 1048576K
}
Event: 160.355 GC heap after
{Heap after GC invocations=11 (full 0):
 garbage-first heap   total 57344K, used 31847K [0x0000000080000000, 0x0000000100000000)
  region size 1024K, 2 young (2048K), 2 survivors (2048K)
 Metaspace       used 29603K, committed 29952K, reserved 1114112K
  class space    used 4002K, committed 4160K, reserved 1048576K
}
Event: 163.231 GC heap before
{Heap before GC invocations=12 (full 0):
 garbage-first heap   total 76800K, used 44135K [0x0000000080000000, 0x0000000100000000)
  region size 1024K, 3 young (3072K), 2 survivors (2048K)
 Metaspace       used 29603K, committed 29952K, reserved 1114112K
  class space    used 4002K, committed 4160K, reserved 1048576K
}
Event: 163.331 GC heap after
{Heap after GC invocations=13 (full 0):
 garbage-first heap   total 76800K, used 44392K [0x0000000080000000, 0x0000000100000000)
  region size 1024K, 1 young (1024K), 1 survivors (1024K)
 Metaspace       used 29603K, committed 29952K, reserved 1114112K
  class space    used 4002K, committed 4160K, reserved 1048576K
}
Event: 167.458 GC heap before
{Heap before GC invocations=14 (full 0):
 garbage-first heap   total 81920K, used 59752K [0x0000000080000000, 0x0000000100000000)
  region size 1024K, 15 young (15360K), 1 survivors (1024K)
 Metaspace       used 31335K, committed 31680K, reserved 1114112K
  class space    used 4277K, committed 4416K, reserved 1048576K
}
Event: 167.465 GC heap after
{Heap after GC invocations=15 (full 0):
 garbage-first heap   total 81920K, used 49303K [0x0000000080000000, 0x0000000100000000)
  region size 1024K, 2 young (2048K), 2 survivors (2048K)
 Metaspace       used 31335K, committed 31680K, reserved 1114112K
  class space    used 4277K, committed 4416K, reserved 1048576K
}
Event: 169.502 GC heap before
{Heap before GC invocations=15 (full 0):
 garbage-first heap   total 81920K, used 63639K [0x0000000080000000, 0x0000000100000000)
  region size 1024K, 16 young (16384K), 2 survivors (2048K)
 Metaspace       used 33317K, committed 33664K, reserved 1114112K
  class space    used 4599K, committed 4736K, reserved 1048576K
}
Event: 169.520 GC heap after
{Heap after GC invocations=16 (full 0):
 garbage-first heap   total 81920K, used 49344K [0x0000000080000000, 0x0000000100000000)
  region size 1024K, 1 young (1024K), 1 survivors (1024K)
 Metaspace       used 33317K, committed 33664K, reserved 1114112K
  class space    used 4599K, committed 4736K, reserved 1048576K
}

